2023-03-07T17:52:38.378443+08:00 - lazy_load_credentials
2023-03-07T17:52:38.378554+08:00 - credentials cache miss occurred; retrieved new AWS credentials (took 265.093µs)
2023-03-07T17:54:40.867612+08:00 - lazy_load_credentials
2023-03-07T17:54:40.867673+08:00 - credentials cache miss occurred; retrieved new AWS credentials (took 216.35µs)
2023-03-07T17:54:44.499105+08:00 - lazy_load_credentials
2023-03-07T17:54:44.499177+08:00 - credentials cache miss occurred; retrieved new AWS credentials (took 208.428µs)
2023-03-07T17:54:56.439601+08:00 - lazy_load_credentials
2023-03-07T17:54:56.439676+08:00 - credentials cache miss occurred; retrieved new AWS credentials (took 246.894µs)
2023-03-07T17:55:24.515144+08:00 - lazy_load_credentials
2023-03-07T17:55:24.515396+08:00 - credentials cache miss occurred; retrieved new AWS credentials (took 493.236µs)
2023-03-07T18:00:18.041761+08:00 - lazy_load_credentials
2023-03-07T18:00:18.041827+08:00 - credentials cache miss occurred; retrieved new AWS credentials (took 254.466µs)
2023-03-07T18:01:39.215639+08:00 - lazy_load_credentials
2023-03-07T18:01:39.215703+08:00 - credentials cache miss occurred; retrieved new AWS credentials (took 248.637µs)
2023-03-07T18:03:37.893912+08:00 - lazy_load_credentials
2023-03-07T18:03:37.893987+08:00 - credentials cache miss occurred; retrieved new AWS credentials (took 290.522µs)
2023-03-07T18:04:55.888657+08:00 - lazy_load_credentials
2023-03-07T18:04:55.888743+08:00 - credentials cache miss occurred; retrieved new AWS credentials (took 248.717µs)
2023-03-07T18:08:09.860911+08:00 - lazy_load_credentials
2023-03-07T18:08:09.860980+08:00 - credentials cache miss occurred; retrieved new AWS credentials (took 321.449µs)
2023-03-07T18:10:41.433544+08:00 - lazy_load_credentials
2023-03-07T18:10:41.433627+08:00 - credentials cache miss occurred; retrieved new AWS credentials (took 265.538µs)
2023-03-07T18:12:12.834467+08:00 - lazy_load_credentials
2023-03-07T18:12:12.834531+08:00 - credentials cache miss occurred; retrieved new AWS credentials (took 247.33µs)
2023-03-07T18:12:12.925172+08:00 - lazy_load_credentials
2023-03-07T18:12:12.925232+08:00 - credentials cache miss occurred; retrieved new AWS credentials (took 95.687µs)
2023-03-08T10:12:02.011377+08:00 - lazy_load_credentials
2023-03-08T10:12:02.012142+08:00 - credentials cache miss occurred; retrieved new AWS credentials (took 954.915µs)
2023-03-08T10:12:03.234985+08:00 - lazy_load_credentials
2023-03-08T10:12:03.235059+08:00 - credentials cache miss occurred; retrieved new AWS credentials (took 133.38µs)
2023-03-08T10:17:16.318914+08:00 - lazy_load_credentials
2023-03-08T10:17:16.319805+08:00 - credentials cache miss occurred; retrieved new AWS credentials (took 1.143184ms)
2023-03-08T10:17:17.420642+08:00 - lazy_load_credentials
2023-03-08T10:17:17.420720+08:00 - credentials cache miss occurred; retrieved new AWS credentials (took 160.962µs)
2023-03-08T10:35:44.824005+08:00 - lazy_load_credentials
2023-03-08T10:35:44.824075+08:00 - credentials cache miss occurred; retrieved new AWS credentials (took 276.216µs)
2023-03-08T10:42:53.395523+08:00 - lazy_load_credentials
2023-03-08T10:42:53.395590+08:00 - credentials cache miss occurred; retrieved new AWS credentials (took 259.009µs)
2023-03-08T11:05:57.840845+08:00 - lazy_load_credentials
2023-03-08T11:05:57.840910+08:00 - credentials cache miss occurred; retrieved new AWS credentials (took 249.939µs)
2023-03-08T11:08:21.594589+08:00 - lazy_load_credentials
2023-03-08T11:08:21.594654+08:00 - credentials cache miss occurred; retrieved new AWS credentials (took 250.871µs)
2023-03-08T11:08:32.543960+08:00 - lazy_load_credentials
2023-03-08T11:08:32.544026+08:00 - credentials cache miss occurred; retrieved new AWS credentials (took 242.373µs)
2023-03-08T11:58:53.206359+08:00 - lazy_load_credentials
2023-03-08T11:58:53.206421+08:00 - credentials cache miss occurred; retrieved new AWS credentials (took 242.097µs)
2023-03-08T13:14:32.106850+08:00 - lazy_load_credentials
2023-03-08T13:14:32.106912+08:00 - credentials cache miss occurred; retrieved new AWS credentials (took 247.005µs)
2023-03-08T13:18:28.679996+08:00 - lazy_load_credentials
2023-03-08T13:18:28.680097+08:00 - credentials cache miss occurred; retrieved new AWS credentials (took 393.746µs)
2023-03-08T13:18:34.320175+08:00 - lazy_load_credentials
2023-03-08T13:18:34.320255+08:00 - credentials cache miss occurred; retrieved new AWS credentials (took 156.731µs)
2023-03-08T13:19:18.259717+08:00 - lazy_load_credentials
2023-03-08T13:19:18.259780+08:00 - credentials cache miss occurred; retrieved new AWS credentials (took 262.362µs)
2023-03-08T13:21:33.560042+08:00 - lazy_load_credentials
2023-03-08T13:21:33.560100+08:00 - credentials cache miss occurred; retrieved new AWS credentials (took 240.523µs)
2023-03-08T13:22:23.960777+08:00 - lazy_load_credentials
2023-03-08T13:22:23.960854+08:00 - credentials cache miss occurred; retrieved new AWS credentials (took 142.717µs)
2023-03-08T13:23:24.217094+08:00 - lazy_load_credentials
2023-03-08T13:23:24.217175+08:00 - credentials cache miss occurred; retrieved new AWS credentials (took 175.45µs)
2023-03-08T13:25:39.271362+08:00 - lazy_load_credentials
2023-03-08T13:25:39.271425+08:00 - credentials cache miss occurred; retrieved new AWS credentials (took 274.067µs)
2023-03-08T13:26:10.389980+08:00 - lazy_load_credentials
2023-03-08T13:26:10.390076+08:00 - credentials cache miss occurred; retrieved new AWS credentials (took 142.756µs)
2023-03-08T13:32:15.055973+08:00 - lazy_load_credentials
2023-03-08T13:32:15.056085+08:00 - credentials cache miss occurred; retrieved new AWS credentials (took 231.466µs)
2023-03-08T13:32:51.331946+08:00 - lazy_load_credentials
2023-03-08T13:32:51.332018+08:00 - credentials cache miss occurred; retrieved new AWS credentials (took 136.915µs)
2023-03-08T13:46:43.056996+08:00 - lazy_load_credentials
2023-03-08T13:46:43.057070+08:00 - credentials cache miss occurred; retrieved new AWS credentials (took 260.583µs)
2023-03-08T13:48:08.660052+08:00 - lazy_load_credentials
2023-03-08T13:48:08.660135+08:00 - credentials cache miss occurred; retrieved new AWS credentials (took 168.76µs)
2023-03-08T13:48:30.340391+08:00 - lazy_load_credentials
2023-03-08T13:48:30.340460+08:00 - credentials cache miss occurred; retrieved new AWS credentials (took 247.958µs)
2023-03-08T13:49:00.324305+08:00 - lazy_load_credentials
2023-03-08T13:49:00.324389+08:00 - credentials cache miss occurred; retrieved new AWS credentials (took 150.208µs)
2023-03-08T13:52:10.558864+08:00 - lazy_load_credentials
2023-03-08T13:52:10.558931+08:00 - credentials cache miss occurred; retrieved new AWS credentials (took 244.896µs)
2023-03-08T13:52:48.148074+08:00 - lazy_load_credentials
2023-03-08T13:52:48.148150+08:00 - credentials cache miss occurred; retrieved new AWS credentials (took 147.695µs)
2023-03-08T13:56:40.885612+08:00 - lazy_load_credentials
2023-03-08T13:56:40.885674+08:00 - credentials cache miss occurred; retrieved new AWS credentials (took 227.261µs)
2023-03-08T13:56:46.513409+08:00 - lazy_load_credentials
2023-03-08T13:56:46.513481+08:00 - credentials cache miss occurred; retrieved new AWS credentials (took 134.658µs)
2023-03-08T13:56:50.721497+08:00 - lazy_load_credentials
2023-03-08T13:56:50.721548+08:00 - credentials cache miss occurred; retrieved new AWS credentials (took 102.73µs)
2023-03-10T11:15:42.295842+08:00 - lazy_load_credentials
2023-03-10T11:15:42.295911+08:00 - credentials cache miss occurred; retrieved new AWS credentials (took 289.344µs)
2023-03-10T11:38:37.230871+08:00 - lazy_load_credentials
2023-03-10T11:38:37.230945+08:00 - credentials cache miss occurred; retrieved new AWS credentials (took 281.493µs)
2023-03-10T11:46:25.992909+08:00 - lazy_load_credentials
2023-03-10T11:46:25.992990+08:00 - credentials cache miss occurred; retrieved new AWS credentials (took 278.998µs)
2023-03-10T13:56:59.211660+08:00 - lazy_load_credentials
2023-03-10T13:56:59.212586+08:00 - credentials cache miss occurred; retrieved new AWS credentials (took 1.077193ms)
2023-03-10T13:57:31.745417+08:00 - lazy_load_credentials
2023-03-10T13:57:31.745495+08:00 - credentials cache miss occurred; retrieved new AWS credentials (took 135.285µs)
2023-03-10T13:59:03.782562+08:00 - lazy_load_credentials
2023-03-10T13:59:03.782728+08:00 - credentials cache miss occurred; retrieved new AWS credentials (took 345.11µs)
2023-03-10T14:01:47.110092+08:00 - lazy_load_credentials
2023-03-10T14:01:47.110170+08:00 - credentials cache miss occurred; retrieved new AWS credentials (took 137.767µs)
2023-03-10T14:08:37.670346+08:00 - lazy_load_credentials
2023-03-10T14:08:37.671136+08:00 - credentials cache miss occurred; retrieved new AWS credentials (took 982.576µs)
2023-03-10T14:33:26.725234+08:00 - lazy_load_credentials
2023-03-10T14:33:26.725303+08:00 - credentials cache miss occurred; retrieved new AWS credentials (took 313.596µs)
2023-03-10T18:14:18.308116+08:00 - lazy_load_credentials
2023-03-10T18:14:18.308189+08:00 - credentials cache miss occurred; retrieved new AWS credentials (took 263.95µs)
2023-03-10T18:14:19.770735+08:00 - Is a directory (os error 21)
2023-03-10T18:14:21.096568+08:00 - Is a directory (os error 21)
2023-03-10T18:25:02.815711+08:00 - lazy_load_credentials
2023-03-10T18:25:02.815789+08:00 - credentials cache miss occurred; retrieved new AWS credentials (took 247.547µs)
2023-03-10T18:25:21.466583+08:00 - lazy_load_credentials
2023-03-10T18:25:21.466662+08:00 - credentials cache miss occurred; retrieved new AWS credentials (took 147.839µs)
2023-03-10T18:50:03.524095+08:00 - lazy_load_credentials
2023-03-10T18:50:03.524234+08:00 - credentials cache miss occurred; retrieved new AWS credentials (took 338.625µs)
2023-03-10T19:32:56.929420+08:00 - lazy_load_credentials
2023-03-10T19:32:56.929480+08:00 - credentials cache miss occurred; retrieved new AWS credentials (took 248.56µs)
2023-03-10T19:38:13.618246+08:00 - lazy_load_credentials
2023-03-10T19:38:13.618307+08:00 - credentials cache miss occurred; retrieved new AWS credentials (took 255.478µs)
2023-03-10T19:38:26.335995+08:00 - lazy_load_credentials
2023-03-10T19:38:26.336073+08:00 - credentials cache miss occurred; retrieved new AWS credentials (took 134.508µs)
2023-03-10T19:38:39.370572+08:00 - lazy_load_credentials
2023-03-10T19:38:39.370649+08:00 - credentials cache miss occurred; retrieved new AWS credentials (took 137.039µs)
2023-03-10T19:38:51.746003+08:00 - lazy_load_credentials
2023-03-10T19:38:51.746083+08:00 - credentials cache miss occurred; retrieved new AWS credentials (took 144.432µs)
2023-03-10T19:49:52.389740+08:00 - lazy_load_credentials
2023-03-10T19:49:52.390090+08:00 - credentials cache miss occurred; retrieved new AWS credentials (took 558.418µs)
2023-03-10T19:54:24.692923+08:00 - lazy_load_credentials
2023-03-10T19:54:24.692987+08:00 - credentials cache miss occurred; retrieved new AWS credentials (took 257.657µs)
2023-03-10T19:54:27.967852+08:00 - download task 7039926463218454529 execute ok!
2023-03-13T09:15:27.492182+08:00 - lazy_load_credentials
2023-03-13T09:15:27.492672+08:00 - credentials cache miss occurred; retrieved new AWS credentials (took 621.452µs)
2023-03-13T09:15:31.178489+08:00 - download task 7040852828805533697 execute ok!
2023-03-13T09:18:06.035504+08:00 - execute download task TaskDownload { task_id: "7040853495393685505", description: "download", source: OSSDescription { provider: JD, access_key_id: "4107B314B15BCE99A1C781DFCF119F59", secret_access_key: "8877CD432EB5738EFF0FA01F630201C9", endpoint: "http://s3.cn-north-1.jdcloud-oss.com", region: "cn-north-1", bucket: "jsw-bucket" }, local_path: "/tmp/jddownload", bach_size: 100 } begin
2023-03-13T09:18:06.391346+08:00 - lazy_load_credentials
2023-03-13T09:18:06.391405+08:00 - credentials cache miss occurred; retrieved new AWS credentials (took 90.03µs)
2023-03-13T09:18:08.531928+08:00 - download task 7040853495393685505 execute ok!
2023-03-13T09:18:23.087025+08:00 - execute download task TaskDownload { task_id: "7040853566914957313", description: "download", source: OSSDescription { provider: JD, access_key_id: "4107B314B15BCE99A1C781DFCF119F59", secret_access_key: "8877CD432EB5738EFF0FA01F630201C9", endpoint: "http://s3.cn-north-1.jdcloud-oss.com", region: "cn-north-1", bucket: "jsw-bucket" }, local_path: "/tmp/jddownload", bach_size: 100 } begin
2023-03-13T09:18:23.108529+08:00 - lazy_load_credentials
2023-03-13T09:18:23.108593+08:00 - credentials cache miss occurred; retrieved new AWS credentials (took 101.085µs)
2023-03-13T09:18:24.952742+08:00 - download task 7040853566914957313 execute ok!
2023-03-13T09:27:48.536061+08:00 - missing field `task_threads` at line 3 column 1
2023-03-13T09:28:15.548845+08:00 - execute download task TaskDownload { task_id: "7040856051876499457", description: "download", source: OSSDescription { provider: JD, access_key_id: "4107B314B15BCE99A1C781DFCF119F59", secret_access_key: "8877CD432EB5738EFF0FA01F630201C9", endpoint: "http://s3.cn-north-1.jdcloud-oss.com", region: "cn-north-1", bucket: "jsw-bucket" }, local_path: "/tmp/jddownload", bach_size: 100, task_threads: 1 } begin
2023-03-13T09:28:15.929881+08:00 - lazy_load_credentials
2023-03-13T09:28:15.929984+08:00 - credentials cache miss occurred; retrieved new AWS credentials (took 132.751µs)
2023-03-13T09:28:18.018317+08:00 - download task 7040856051876499457 execute ok!
2023-03-13T09:34:31.993442+08:00 - No such file or directory (os error 2)
2023-03-13T09:35:11.679966+08:00 - execute download task TaskDownload { task_id: "7040857797260611585", description: "download", source: OSSDescription { provider: JD, access_key_id: "LTAI5tRSSbKW95VJ3R7F7kbm", secret_access_key: "2modg1UjUaypkm3BUW18STBVVFFSoL", endpoint: "oss-cn-beijing.aliyuncs.com", region: "cn-north-1", bucket: "jsw-bucket" }, local_path: "/tmp/ali_download", bach_size: 100, task_threads: 1 } begin
2023-03-13T09:35:12.023852+08:00 - failed to construct request
2023-03-13T09:35:12.024264+08:00 - No such file or directory (os error 2)
2023-03-13T09:42:48.784206+08:00 - execute download task TaskDownload { task_id: "7040859714493747201", description: "download", source: OSSDescription { provider: Ali, access_key_id: "LTAI5tRSSbKW95VJ3R7F7kbm", secret_access_key: "2modg1UjUaypkm3BUW18STBVVFFSoL", endpoint: "oss-cn-beijing.aliyuncs.com", region: "cn-north-1", bucket: "jsw-bucket" }, local_path: "/tmp/ali_download", bach_size: 100, task_threads: 1 } begin
2023-03-13T09:42:49.807754+08:00 - download task 7040859714493747201 execute ok!
2023-03-16T09:56:05.248650+08:00 - execute download task TaskDownload { task_id: "7041950218702688257", description: "download", source: OSSDescription { provider: Ali, access_key_id: "LTAI5tRSSbKW95VJ3R7F7kbm", secret_access_key: "2modg1UjUaypkm3BUW18STBVVFFSoL", endpoint: "oss-cn-beijing.aliyuncs.com", region: "cn-north-1", bucket: "jsw-bucket" }, local_path: "/tmp/ali_download", bach_size: 100, task_threads: 1 } begin
2023-03-16T09:56:06.040989+08:00 - download task 7041950218702688257 execute ok!
2023-03-16T16:52:43.897397+08:00 - execute upload task TaskUpLoad { task_id: "7042055070636183553", description: "download", target: OSSDescription { provider: JD, access_key_id: "4107B314B15BCE99A1C781DFCF119F59", secret_access_key: "8877CD432EB5738EFF0FA01F630201C9", endpoint: "http://s3.cn-north-1.jdcloud-oss.com", region: "cn-north-1", bucket: "jsw-bucket" }, local_path: "/tmp/jddownload", bach_size: 100, task_threads: 1 } begin
2023-03-16T16:52:43.974616+08:00 - upload task 7042055070636183553 execute ok!
2023-03-16T16:57:17.326651+08:00 - execute upload task TaskUpLoad { task_id: "7042056217480531969", description: "download", target: OSSDescription { provider: JD, access_key_id: "4107B314B15BCE99A1C781DFCF119F59", secret_access_key: "8877CD432EB5738EFF0FA01F630201C9", endpoint: "http://s3.cn-north-1.jdcloud-oss.com", region: "cn-north-1", bucket: "jsw-bucket" }, local_path: "/tmp/jddownload", bach_size: 100, task_threads: 1 } begin
2023-03-16T16:57:17.683436+08:00 - upload task 7042056217480531969 execute ok!
2023-03-16T17:00:07.876350+08:00 - execute upload task TaskUpLoad { task_id: "7042056932819079169", description: "download", target: OSSDescription { provider: JD, access_key_id: "4107B314B15BCE99A1C781DFCF119F59", secret_access_key: "8877CD432EB5738EFF0FA01F630201C9", endpoint: "http://s3.cn-north-1.jdcloud-oss.com", region: "cn-north-1", bucket: "jsw-bucket" }, local_path: "/tmp/jddownload", bach_size: 100, task_threads: 1 } begin
2023-03-16T17:00:08.223894+08:00 - upload task 7042056932819079169 execute ok!
2023-03-16T17:01:40.414097+08:00 - execute upload task TaskUpLoad { task_id: "7042057320947388417", description: "download", target: OSSDescription { provider: JD, access_key_id: "4107B314B15BCE99A1C781DFCF119F59", secret_access_key: "8877CD432EB5738EFF0FA01F630201C9", endpoint: "http://s3.cn-north-1.jdcloud-oss.com", region: "cn-north-1", bucket: "jsw-bucket" }, local_path: "/tmp/jddownload", bach_size: 100, task_threads: 1 } begin
2023-03-16T17:01:40.786191+08:00 - upload task 7042057320947388417 execute ok!
2023-03-16T17:02:50.794511+08:00 - execute upload task TaskUpLoad { task_id: "7042057616146698241", description: "download", target: OSSDescription { provider: JD, access_key_id: "4107B314B15BCE99A1C781DFCF119F59", secret_access_key: "8877CD432EB5738EFF0FA01F630201C9", endpoint: "http://s3.cn-north-1.jdcloud-oss.com", region: "cn-north-1", bucket: "jsw-bucket" }, local_path: "/tmp/jddownload", bach_size: 100, task_threads: 1 } begin
2023-03-16T17:02:51.129755+08:00 - upload task 7042057616146698241 execute ok!
2023-03-16T17:04:49.414806+08:00 - execute upload task TaskUpLoad { task_id: "7042058113679233025", description: "download", target: OSSDescription { provider: JD, access_key_id: "4107B314B15BCE99A1C781DFCF119F59", secret_access_key: "8877CD432EB5738EFF0FA01F630201C9", endpoint: "http://s3.cn-north-1.jdcloud-oss.com", region: "cn-north-1", bucket: "jsw-bucket" }, local_path: "/tmp/jddownload", bach_size: 100, task_threads: 1 } begin
2023-03-16T17:04:49.436617+08:00 - upload task 7042058113679233025 execute ok!
2023-03-16T17:05:10.430777+08:00 - execute upload task TaskUpLoad { task_id: "7042058201822531585", description: "download", target: OSSDescription { provider: JD, access_key_id: "4107B314B15BCE99A1C781DFCF119F59", secret_access_key: "8877CD432EB5738EFF0FA01F630201C9", endpoint: "http://s3.cn-north-1.jdcloud-oss.com", region: "cn-north-1", bucket: "jsw-bucket" }, local_path: "~/jddownload", bach_size: 100, task_threads: 1 } begin
2023-03-16T17:05:10.451615+08:00 - upload task 7042058201822531585 execute ok!
2023-03-16T17:05:49.656723+08:00 - execute upload task TaskUpLoad { task_id: "7042058366348300289", description: "download", target: OSSDescription { provider: JD, access_key_id: "4107B314B15BCE99A1C781DFCF119F59", secret_access_key: "8877CD432EB5738EFF0FA01F630201C9", endpoint: "http://s3.cn-north-1.jdcloud-oss.com", region: "cn-north-1", bucket: "jsw-bucket" }, local_path: "~/jddownload", bach_size: 100, task_threads: 1 } begin
2023-03-16T17:05:49.675278+08:00 - upload task 7042058366348300289 execute ok!
2023-03-16T17:07:03.698635+08:00 - execute upload task TaskUpLoad { task_id: "7042058676902957057", description: "download", target: OSSDescription { provider: JD, access_key_id: "4107B314B15BCE99A1C781DFCF119F59", secret_access_key: "8877CD432EB5738EFF0FA01F630201C9", endpoint: "http://s3.cn-north-1.jdcloud-oss.com", region: "cn-north-1", bucket: "jsw-bucket" }, local_path: "../../jddownload", bach_size: 100, task_threads: 1 } begin
2023-03-16T17:07:03.717751+08:00 - upload task 7042058676902957057 execute ok!
2023-03-16T17:14:51.203589+08:00 - execute upload task TaskUpLoad { task_id: "7042060637761048577", description: "download", target: OSSDescription { provider: JD, access_key_id: "4107B314B15BCE99A1C781DFCF119F59", secret_access_key: "8877CD432EB5738EFF0FA01F630201C9", endpoint: "http://s3.cn-north-1.jdcloud-oss.com", region: "cn-north-1", bucket: "jsw-bucket" }, local_path: "../../jddownload", bach_size: 100, task_threads: 1 } begin
2023-03-16T17:14:51.551453+08:00 - upload task 7042060637761048577 execute ok!
2023-03-16T17:26:31.572028+08:00 - execute upload task TaskUpLoad { task_id: "7042063575317352449", description: "download", target: OSSDescription { provider: JD, access_key_id: "4107B314B15BCE99A1C781DFCF119F59", secret_access_key: "8877CD432EB5738EFF0FA01F630201C9", endpoint: "http://s3.cn-north-1.jdcloud-oss.com", region: "cn-north-1", bucket: "jsw-bucket" }, local_path: "../../jddownload", bach_size: 100, task_threads: 1 } begin
2023-03-16T17:26:31.921312+08:00 - upload task 7042063575317352449 execute ok!
2023-03-16T17:31:20.225798+08:00 - execute upload task TaskUpLoad { task_id: "7042064786019979265", description: "download", target: OSSDescription { provider: JD, access_key_id: "4107B314B15BCE99A1C781DFCF119F59", secret_access_key: "8877CD432EB5738EFF0FA01F630201C9", endpoint: "http://s3.cn-north-1.jdcloud-oss.com", region: "cn-north-1", bucket: "jsw-bucket" }, local_path: "../../jddownload", bach_size: 100, task_threads: 1 } begin
2023-03-16T17:31:20.593030+08:00 - upload task 7042064786019979265 execute ok!
2023-03-16T17:32:02.570009+08:00 - execute upload task TaskUpLoad { task_id: "7042064963623587841", description: "download", target: OSSDescription { provider: JD, access_key_id: "4107B314B15BCE99A1C781DFCF119F59", secret_access_key: "8877CD432EB5738EFF0FA01F630201C9", endpoint: "http://s3.cn-north-1.jdcloud-oss.com", region: "cn-north-1", bucket: "jsw-bucket" }, local_path: "../../jddownload", bach_size: 100, task_threads: 1 } begin
2023-03-16T17:32:02.937508+08:00 - upload task 7042064963623587841 execute ok!
2023-03-16T17:33:21.462405+08:00 - execute upload task TaskUpLoad { task_id: "7042065294524813313", description: "download", target: OSSDescription { provider: JD, access_key_id: "4107B314B15BCE99A1C781DFCF119F59", secret_access_key: "8877CD432EB5738EFF0FA01F630201C9", endpoint: "http://s3.cn-north-1.jdcloud-oss.com", region: "cn-north-1", bucket: "jsw-bucket" }, local_path: "../../jddownload", bach_size: 100, task_threads: 1 } begin
2023-03-16T17:33:21.822042+08:00 - upload task 7042065294524813313 execute ok!
2023-03-16T17:44:10.642704+08:00 - execute upload task TaskUpLoad { task_id: "7042068017383084033", description: "download", target: OSSDescription { provider: JD, access_key_id: "4107B314B15BCE99A1C781DFCF119F59", secret_access_key: "8877CD432EB5738EFF0FA01F630201C9", endpoint: "http://s3.cn-north-1.jdcloud-oss.com", region: "cn-north-1", bucket: "jsw-bucket" }, local_path: "../../jddownload", bach_size: 100, task_threads: 1 } begin
2023-03-16T17:44:10.996240+08:00 - IO error
2023-03-16T17:44:57.204535+08:00 - execute upload task TaskUpLoad { task_id: "7042068212678266881", description: "download", target: OSSDescription { provider: JD, access_key_id: "4107B314B15BCE99A1C781DFCF119F59", secret_access_key: "8877CD432EB5738EFF0FA01F630201C9", endpoint: "http://s3.cn-north-1.jdcloud-oss.com", region: "cn-north-1", bucket: "jsw-bucket" }, local_path: "../../jddownload", bach_size: 100, task_threads: 1 } begin
2023-03-16T17:44:57.553132+08:00 - IO error
2023-03-16T17:46:25.855615+08:00 - execute upload task TaskUpLoad { task_id: "7042068584507510785", description: "download", target: OSSDescription { provider: JD, access_key_id: "4107B314B15BCE99A1C781DFCF119F59", secret_access_key: "8877CD432EB5738EFF0FA01F630201C9", endpoint: "http://s3.cn-north-1.jdcloud-oss.com", region: "cn-north-1", bucket: "jsw-bucket" }, local_path: "../../jddownload", bach_size: 100, task_threads: 1 } begin
2023-03-16T17:46:26.208167+08:00 - IO error
2023-03-16T17:47:03.773764+08:00 - execute upload task TaskUpLoad { task_id: "7042068743547129857", description: "download", target: OSSDescription { provider: JD, access_key_id: "4107B314B15BCE99A1C781DFCF119F59", secret_access_key: "8877CD432EB5738EFF0FA01F630201C9", endpoint: "http://s3.cn-north-1.jdcloud-oss.com", region: "cn-north-1", bucket: "jsw-bucket" }, local_path: "/tmp/jddownload", bach_size: 100, task_threads: 1 } begin
2023-03-16T17:47:03.797221+08:00 - IO error
2023-03-16T17:48:00.567985+08:00 - execute upload task TaskUpLoad { task_id: "7042068981758431233", description: "download", target: OSSDescription { provider: JD, access_key_id: "4107B314B15BCE99A1C781DFCF119F59", secret_access_key: "8877CD432EB5738EFF0FA01F630201C9", endpoint: "http://s3.cn-north-1.jdcloud-oss.com", region: "cn-north-1", bucket: "jsw-bucket" }, local_path: "/tmp/jddownload", bach_size: 100, task_threads: 1 } begin
2023-03-16T17:48:00.943559+08:00 - IO error
2023-03-16T17:49:23.864976+08:00 - execute upload task TaskUpLoad { task_id: "7042069331131371521", description: "download", target: OSSDescription { provider: JD, access_key_id: "4107B314B15BCE99A1C781DFCF119F59", secret_access_key: "8877CD432EB5738EFF0FA01F630201C9", endpoint: "http://s3.cn-north-1.jdcloud-oss.com", region: "cn-north-1", bucket: "jsw-bucket" }, local_path: "/tmp/jddownload", bach_size: 100, task_threads: 1 } begin
2023-03-16T17:49:24.229012+08:00 - IO error
2023-03-16T17:49:24.229267+08:00 - IO error
2023-03-16T17:49:24.229476+08:00 - IO error
2023-03-16T17:49:24.229740+08:00 - IO error
2023-03-16T17:49:24.230468+08:00 - IO error
2023-03-16T17:49:24.230571+08:00 - IO error
2023-03-16T17:49:24.230690+08:00 - IO error
2023-03-16T17:49:24.230814+08:00 - IO error
2023-03-16T17:49:24.230930+08:00 - IO error
2023-03-16T17:49:24.231208+08:00 - IO error
2023-03-16T17:49:24.231380+08:00 - IO error
2023-03-16T17:49:24.231573+08:00 - IO error
2023-03-16T17:49:24.231779+08:00 - IO error
2023-03-16T17:49:24.231934+08:00 - IO error
2023-03-16T17:49:24.232102+08:00 - IO error
2023-03-16T17:49:24.232221+08:00 - IO error
2023-03-16T17:49:24.232390+08:00 - IO error
2023-03-16T17:49:24.232532+08:00 - IO error
2023-03-16T17:49:24.232679+08:00 - IO error
2023-03-16T17:49:24.232962+08:00 - IO error
2023-03-16T17:49:24.233096+08:00 - IO error
2023-03-16T17:49:24.233245+08:00 - IO error
2023-03-16T17:49:24.233375+08:00 - IO error
2023-03-16T17:49:24.233464+08:00 - IO error
2023-03-16T17:49:24.233581+08:00 - IO error
2023-03-16T17:49:24.233788+08:00 - IO error
2023-03-16T17:49:24.233900+08:00 - IO error
2023-03-16T17:49:24.234018+08:00 - IO error
2023-03-16T17:49:24.234158+08:00 - IO error
2023-03-16T17:49:24.234334+08:00 - IO error
2023-03-16T17:49:24.234529+08:00 - IO error
2023-03-16T17:49:24.234961+08:00 - upload task 7042069331131371521 execute ok!
2023-03-16T17:53:33.276012+08:00 - execute upload task TaskUpLoad { task_id: "7042070377236926465", description: "download", target: OSSDescription { provider: JD, access_key_id: "4107B314B15BCE99A1C781DFCF119F59", secret_access_key: "8877CD432EB5738EFF0FA01F630201C9", endpoint: "http://s3.cn-north-1.jdcloud-oss.com", region: "cn-north-1", bucket: "jsw-bucket" }, local_path: "/tmp/jddownload", bach_size: 100, task_threads: 1 } begin
2023-03-16T17:53:33.639323+08:00 - IO error
2023-03-16T17:53:33.639455+08:00 - IO error
2023-03-16T17:53:33.639603+08:00 - IO error
2023-03-16T17:53:33.639753+08:00 - IO error
2023-03-16T17:53:33.639924+08:00 - IO error
2023-03-16T17:53:33.640128+08:00 - IO error
2023-03-16T17:53:33.640248+08:00 - IO error
2023-03-16T17:53:33.640410+08:00 - IO error
2023-03-16T17:53:33.640538+08:00 - IO error
2023-03-16T17:53:33.640794+08:00 - IO error
2023-03-16T17:53:33.640912+08:00 - IO error
2023-03-16T17:53:33.641045+08:00 - IO error
2023-03-16T17:53:33.641198+08:00 - IO error
2023-03-16T17:53:33.641312+08:00 - IO error
2023-03-16T17:53:33.641490+08:00 - IO error
2023-03-16T17:53:33.641603+08:00 - IO error
2023-03-16T17:53:33.641696+08:00 - IO error
2023-03-16T17:53:33.641789+08:00 - IO error
2023-03-16T17:53:33.641939+08:00 - IO error
2023-03-16T17:53:33.642058+08:00 - IO error
2023-03-16T17:53:33.642160+08:00 - IO error
2023-03-16T17:53:33.642301+08:00 - IO error
2023-03-16T17:53:33.642396+08:00 - IO error
2023-03-16T17:53:33.642484+08:00 - IO error
2023-03-16T17:53:33.642580+08:00 - IO error
2023-03-16T17:53:33.642658+08:00 - IO error
2023-03-16T17:53:33.642755+08:00 - IO error
2023-03-16T17:53:33.642909+08:00 - IO error
2023-03-16T17:53:33.643116+08:00 - IO error
2023-03-16T17:53:33.643276+08:00 - IO error
2023-03-16T17:53:33.643412+08:00 - IO error
2023-03-16T17:53:33.643971+08:00 - upload task 7042070377236926465 execute ok!
2023-03-16T17:54:20.693292+08:00 - execute upload task TaskUpLoad { task_id: "7042070576118239233", description: "download", target: OSSDescription { provider: JD, access_key_id: "4107B314B15BCE99A1C781DFCF119F59", secret_access_key: "8877CD432EB5738EFF0FA01F630201C9", endpoint: "http://s3.cn-north-1.jdcloud-oss.com", region: "cn-north-1", bucket: "jsw-bucket" }, local_path: "/tmp/jddownload", bach_size: 100, task_threads: 1 } begin
2023-03-16T17:54:21.056363+08:00 - lazy_load_credentials
2023-03-16T17:54:21.056423+08:00 - credentials cache miss occurred; retrieved new AWS credentials (took 95.771µs)
2023-03-16T17:54:23.946513+08:00 - upload task 7042070576118239233 execute ok!
2023-03-17T09:50:16.541664+08:00 - execute upload task TaskUpLoad { task_id: "7042311143985123329", description: "download", target: OSSDescription { provider: Ali, access_key_id: "LTAI5tRSSbKW95VJ3R7F7kbm", secret_access_key: "2modg1UjUaypkm3BUW18STBVVFFSoL", endpoint: "oss-cn-beijing.aliyuncs.com", region: "cn-north-1", bucket: "jsw-bucket" }, local_path: "/tmp/jddownload", bach_size: 100, task_threads: 1 } begin
2023-03-17T09:50:16.544644+08:00 - upload task 7042311143985123329 execute ok!
2023-03-17T09:53:11.478977+08:00 - execute upload task TaskUpLoad { task_id: "7042311877724082177", description: "download", target: OSSDescription { provider: Ali, access_key_id: "LTAI5tRSSbKW95VJ3R7F7kbm", secret_access_key: "2modg1UjUaypkm3BUW18STBVVFFSoL", endpoint: "oss-cn-beijing.aliyuncs.com", region: "cn-north-1", bucket: "jsw-bucket" }, local_path: "/tmp/jddownload", bach_size: 100, task_threads: 1 } begin
2023-03-17T09:53:11.499781+08:00 - input error: Failed to get file type
2023-03-17T09:53:11.501602+08:00 - input error: Failed to get file type
2023-03-17T09:53:11.503019+08:00 - input error: Failed to get file type
2023-03-17T09:53:11.504799+08:00 - input error: Failed to get file type
2023-03-17T09:53:11.506243+08:00 - input error: Failed to get file type
2023-03-17T09:53:11.507671+08:00 - input error: Failed to get file type
2023-03-17T09:53:11.509048+08:00 - input error: Failed to get file type
2023-03-17T09:53:11.510310+08:00 - input error: Failed to get file type
2023-03-17T09:53:11.512057+08:00 - input error: Failed to get file type
2023-03-17T09:53:11.513287+08:00 - input error: Failed to get file type
2023-03-17T09:53:11.514383+08:00 - input error: Failed to get file type
2023-03-17T09:53:11.515369+08:00 - input error: Failed to get file type
2023-03-17T09:53:11.516304+08:00 - input error: Failed to get file type
2023-03-17T09:53:11.518183+08:00 - input error: Failed to get file type
2023-03-17T09:53:11.519329+08:00 - input error: Failed to get file type
2023-03-17T09:53:11.520392+08:00 - input error: Failed to get file type
2023-03-17T09:53:11.521174+08:00 - input error: Failed to get file type
2023-03-17T09:53:11.522547+08:00 - input error: Failed to get file type
2023-03-17T09:53:11.523582+08:00 - input error: Failed to get file type
2023-03-17T09:53:11.524910+08:00 - input error: Failed to get file type
2023-03-17T09:53:11.526005+08:00 - input error: Failed to get file type
2023-03-17T09:53:11.526834+08:00 - input error: Failed to get file type
2023-03-17T09:53:11.527966+08:00 - input error: Failed to get file type
2023-03-17T09:53:11.528878+08:00 - input error: Failed to get file type
2023-03-17T09:53:11.530601+08:00 - input error: Failed to get file type
2023-03-17T09:53:11.548652+08:00 - input error: Failed to get file type
2023-03-17T09:53:11.550133+08:00 - input error: Failed to get file type
2023-03-17T09:53:11.551255+08:00 - input error: Failed to get file type
2023-03-17T09:53:11.552206+08:00 - input error: Failed to get file type
2023-03-17T09:53:11.553531+08:00 - input error: Failed to get file type
2023-03-17T09:53:11.554591+08:00 - input error: Failed to get file type
2023-03-17T09:53:11.554731+08:00 - upload task 7042311877724082177 execute ok!
2023-03-17T09:54:31.982314+08:00 - execute upload task TaskUpLoad { task_id: "7042312215382331393", description: "download", target: OSSDescription { provider: Ali, access_key_id: "LTAI5tRSSbKW95VJ3R7F7kbm", secret_access_key: "2modg1UjUaypkm3BUW18STBVVFFSoL", endpoint: "oss-cn-beijing.aliyuncs.com", region: "cn-north-1", bucket: "jsw-bucket" }, local_path: "/tmp/jddownload", bach_size: 100, task_threads: 1 } begin
2023-03-17T09:54:31.982680+08:00 - input error: Failed to get file type
2023-03-17T09:54:31.982850+08:00 - input error: Failed to get file type
2023-03-17T09:54:31.983078+08:00 - input error: Failed to get file type
2023-03-17T09:54:31.983235+08:00 - input error: Failed to get file type
2023-03-17T09:54:31.983471+08:00 - input error: Failed to get file type
2023-03-17T09:54:31.983595+08:00 - input error: Failed to get file type
2023-03-17T09:54:31.983728+08:00 - input error: Failed to get file type
2023-03-17T09:54:31.983868+08:00 - input error: Failed to get file type
2023-03-17T09:54:31.984027+08:00 - input error: Failed to get file type
2023-03-17T09:54:31.984219+08:00 - input error: Failed to get file type
2023-03-17T09:54:31.984360+08:00 - input error: Failed to get file type
2023-03-17T09:54:31.984504+08:00 - input error: Failed to get file type
2023-03-17T09:54:31.984643+08:00 - input error: Failed to get file type
2023-03-17T09:54:31.984808+08:00 - input error: Failed to get file type
2023-03-17T09:54:31.984938+08:00 - input error: Failed to get file type
2023-03-17T09:54:31.985062+08:00 - input error: Failed to get file type
2023-03-17T09:54:31.985231+08:00 - input error: Failed to get file type
2023-03-17T09:54:31.985373+08:00 - input error: Failed to get file type
2023-03-17T09:54:31.985499+08:00 - input error: Failed to get file type
2023-03-17T09:54:31.985679+08:00 - input error: Failed to get file type
2023-03-17T09:54:31.985828+08:00 - input error: Failed to get file type
2023-03-17T09:54:31.985962+08:00 - input error: Failed to get file type
2023-03-17T09:54:31.986078+08:00 - input error: Failed to get file type
2023-03-17T09:54:31.986190+08:00 - input error: Failed to get file type
2023-03-17T09:54:31.986326+08:00 - input error: Failed to get file type
2023-03-17T09:54:31.986445+08:00 - input error: Failed to get file type
2023-03-17T09:54:31.986620+08:00 - input error: Failed to get file type
2023-03-17T09:54:31.986783+08:00 - input error: Failed to get file type
2023-03-17T09:54:31.986901+08:00 - input error: Failed to get file type
2023-03-17T09:54:31.987024+08:00 - input error: Failed to get file type
2023-03-17T09:54:31.987141+08:00 - input error: Failed to get file type
2023-03-17T09:54:31.987230+08:00 - upload task 7042312215382331393 execute ok!
2023-03-17T10:13:42.478295+08:00 - execute upload task TaskUpLoad { task_id: "7042317040908111873", description: "download", target: OSSDescription { provider: Ali, access_key_id: "LTAI5tRSSbKW95VJ3R7F7kbm", secret_access_key: "2modg1UjUaypkm3BUW18STBVVFFSoL", endpoint: "oss-cn-beijing.aliyuncs.com", region: "cn-north-1", bucket: "jsw-bucket" }, local_path: "/tmp/jddownload", bach_size: 100, task_threads: 1 } begin
2023-03-17T10:13:43.236631+08:00 - Not found CanonicalizedResource
2023-03-17T10:13:43.308422+08:00 - upload task 7042317040908111873 execute ok!
2023-03-17T10:13:59.125931+08:00 - execute upload task TaskUpLoad { task_id: "7042317110739079169", description: "download", target: OSSDescription { provider: JD, access_key_id: "4107B314B15BCE99A1C781DFCF119F59", secret_access_key: "8877CD432EB5738EFF0FA01F630201C9", endpoint: "http://s3.cn-north-1.jdcloud-oss.com", region: "cn-north-1", bucket: "jsw-bucket" }, local_path: "/tmp/jddownload", bach_size: 100, task_threads: 1 } begin
2023-03-17T10:13:59.461183+08:00 - lazy_load_credentials
2023-03-17T10:13:59.461241+08:00 - credentials cache miss occurred; retrieved new AWS credentials (took 87.955µs)
2023-03-17T10:14:01.549615+08:00 - upload task 7042317110739079169 execute ok!
2023-03-17T10:14:11.935185+08:00 - execute upload task TaskUpLoad { task_id: "7042317164463919105", description: "download", target: OSSDescription { provider: Ali, access_key_id: "LTAI5tRSSbKW95VJ3R7F7kbm", secret_access_key: "2modg1UjUaypkm3BUW18STBVVFFSoL", endpoint: "oss-cn-beijing.aliyuncs.com", region: "cn-north-1", bucket: "jsw-bucket" }, local_path: "/tmp/jddownload", bach_size: 100, task_threads: 1 } begin
2023-03-17T10:14:12.531760+08:00 - Not found CanonicalizedResource
2023-03-17T10:14:12.609686+08:00 - upload task 7042317164463919105 execute ok!
2023-03-17T10:15:05.741201+08:00 - execute upload task TaskUpLoad { task_id: "7042317390142640129", description: "download", target: OSSDescription { provider: JD, access_key_id: "4107B314B15BCE99A1C781DFCF119F59", secret_access_key: "8877CD432EB5738EFF0FA01F630201C9", endpoint: "http://s3.cn-north-1.jdcloud-oss.com", region: "cn-north-1", bucket: "jsw-bucket" }, local_path: "/tmp/jddownload", bach_size: 100, task_threads: 1 } begin
2023-03-17T10:15:05.762067+08:00 - lazy_load_credentials
2023-03-17T10:15:05.762132+08:00 - credentials cache miss occurred; retrieved new AWS credentials (took 100.305µs)
2023-03-17T10:15:08.001451+08:00 - upload task 7042317390142640129 execute ok!
2023-03-17T10:16:22.918148+08:00 - execute upload task TaskUpLoad { task_id: "7042317713846439937", description: "download", target: OSSDescription { provider: Ali, access_key_id: "LTAI5tRSSbKW95VJ3R7F7kbm", secret_access_key: "2modg1UjUaypkm3BUW18STBVVFFSoL", endpoint: "oss-cn-beijing.aliyuncs.com", region: "cn-north-1", bucket: "jsw-bucket" }, local_path: "/tmp/jddownload", bach_size: 100, task_threads: 1 } begin
2023-03-17T10:16:23.616346+08:00 - Not found CanonicalizedResource
2023-03-17T10:16:23.699622+08:00 - upload task 7042317713846439937 execute ok!
2023-03-17T10:26:51.980716+08:00 - execute upload task TaskUpLoad { task_id: "7042320352327897089", description: "download", target: OSSDescription { provider: Ali, access_key_id: "LTAI5tAepdxxAmtjXV98oNZj", secret_access_key: "93qg3cCpvfPSex5TLj05pIETMhNmSx", endpoint: "oss-cn-beijing.aliyuncs.com", region: "oss-cn-beijing", bucket: "ali-jsw-bucket" }, local_path: "/tmp/jddownload", bach_size: 100, task_threads: 1 } begin
2023-03-17T10:26:53.206061+08:00 - Not found CanonicalizedResource
2023-03-17T10:26:53.296217+08:00 - upload task 7042320352327897089 execute ok!
2023-03-17T10:28:45.416318+08:00 - execute upload task TaskUpLoad { task_id: "7042320828104577025", description: "download", target: OSSDescription { provider: Ali, access_key_id: "LTAI5tAepdxxAmtjXV98oNZj", secret_access_key: "93qg3cCpvfPSex5TLj05pIETMhNmSx", endpoint: "oss-cn-beijing.aliyuncs.com", region: "oss-cn-beijing", bucket: "ali-jsw-bucket" }, local_path: "/tmp/jddownload", bach_size: 100, task_threads: 1 } begin
2023-03-17T10:28:45.417178+08:00 - No such file or directory (os error 2)
2023-03-17T10:28:45.417254+08:00 - No such file or directory (os error 2)
2023-03-17T10:28:45.417321+08:00 - No such file or directory (os error 2)
2023-03-17T10:28:45.417393+08:00 - No such file or directory (os error 2)
2023-03-17T10:28:45.417553+08:00 - No such file or directory (os error 2)
2023-03-17T10:28:45.417640+08:00 - No such file or directory (os error 2)
2023-03-17T10:28:45.417715+08:00 - No such file or directory (os error 2)
2023-03-17T10:28:45.417785+08:00 - No such file or directory (os error 2)
2023-03-17T10:28:45.417866+08:00 - No such file or directory (os error 2)
2023-03-17T10:28:45.418016+08:00 - No such file or directory (os error 2)
2023-03-17T10:28:45.418086+08:00 - No such file or directory (os error 2)
2023-03-17T10:28:45.418158+08:00 - No such file or directory (os error 2)
2023-03-17T10:28:45.418239+08:00 - No such file or directory (os error 2)
2023-03-17T10:28:45.418311+08:00 - No such file or directory (os error 2)
2023-03-17T10:28:45.418382+08:00 - No such file or directory (os error 2)
2023-03-17T10:28:45.418459+08:00 - No such file or directory (os error 2)
2023-03-17T10:28:45.418557+08:00 - No such file or directory (os error 2)
2023-03-17T10:28:45.418709+08:00 - No such file or directory (os error 2)
2023-03-17T10:28:45.418806+08:00 - No such file or directory (os error 2)
2023-03-17T10:28:45.418911+08:00 - No such file or directory (os error 2)
2023-03-17T10:28:45.418972+08:00 - No such file or directory (os error 2)
2023-03-17T10:28:45.419029+08:00 - No such file or directory (os error 2)
2023-03-17T10:28:45.419090+08:00 - No such file or directory (os error 2)
2023-03-17T10:28:45.419153+08:00 - No such file or directory (os error 2)
2023-03-17T10:28:45.419253+08:00 - No such file or directory (os error 2)
2023-03-17T10:28:45.419316+08:00 - No such file or directory (os error 2)
2023-03-17T10:28:45.419376+08:00 - No such file or directory (os error 2)
2023-03-17T10:28:45.419437+08:00 - No such file or directory (os error 2)
2023-03-17T10:28:45.419490+08:00 - No such file or directory (os error 2)
2023-03-17T10:28:45.419546+08:00 - No such file or directory (os error 2)
2023-03-17T10:28:45.419603+08:00 - No such file or directory (os error 2)
2023-03-17T10:28:45.419701+08:00 - upload task 7042320828104577025 execute ok!
2023-03-17T10:29:22.373387+08:00 - execute upload task TaskUpLoad { task_id: "7042320983117664257", description: "download", target: OSSDescription { provider: Ali, access_key_id: "LTAI5tAepdxxAmtjXV98oNZj", secret_access_key: "93qg3cCpvfPSex5TLj05pIETMhNmSx", endpoint: "oss-cn-beijing.aliyuncs.com", region: "oss-cn-beijing", bucket: "ali-jsw-bucket" }, local_path: "/tmp/jddownload", bach_size: 100, task_threads: 1 } begin
2023-03-17T10:29:22.373797+08:00 - No such file or directory (os error 2)
2023-03-17T10:29:22.373905+08:00 - No such file or directory (os error 2)
2023-03-17T10:29:22.373982+08:00 - No such file or directory (os error 2)
2023-03-17T10:29:22.374048+08:00 - No such file or directory (os error 2)
2023-03-17T10:29:22.374181+08:00 - No such file or directory (os error 2)
2023-03-17T10:29:22.374243+08:00 - No such file or directory (os error 2)
2023-03-17T10:29:22.374313+08:00 - No such file or directory (os error 2)
2023-03-17T10:29:22.374379+08:00 - No such file or directory (os error 2)
2023-03-17T10:29:22.374438+08:00 - No such file or directory (os error 2)
2023-03-17T10:29:22.374557+08:00 - No such file or directory (os error 2)
2023-03-17T10:29:22.374614+08:00 - No such file or directory (os error 2)
2023-03-17T10:29:22.374669+08:00 - No such file or directory (os error 2)
2023-03-17T10:29:22.374724+08:00 - No such file or directory (os error 2)
2023-03-17T10:29:22.374777+08:00 - No such file or directory (os error 2)
2023-03-17T10:29:22.374832+08:00 - No such file or directory (os error 2)
2023-03-17T10:29:22.374887+08:00 - No such file or directory (os error 2)
2023-03-17T10:29:22.374941+08:00 - No such file or directory (os error 2)
2023-03-17T10:29:22.374995+08:00 - No such file or directory (os error 2)
2023-03-17T10:29:22.375050+08:00 - No such file or directory (os error 2)
2023-03-17T10:29:22.375440+08:00 - No such file or directory (os error 2)
2023-03-17T10:29:22.375530+08:00 - No such file or directory (os error 2)
2023-03-17T10:29:22.375596+08:00 - No such file or directory (os error 2)
2023-03-17T10:29:22.375658+08:00 - No such file or directory (os error 2)
2023-03-17T10:29:22.375722+08:00 - No such file or directory (os error 2)
2023-03-17T10:29:22.375797+08:00 - No such file or directory (os error 2)
2023-03-17T10:29:22.375878+08:00 - No such file or directory (os error 2)
2023-03-17T10:29:22.375952+08:00 - No such file or directory (os error 2)
2023-03-17T10:29:22.376013+08:00 - No such file or directory (os error 2)
2023-03-17T10:29:22.376071+08:00 - No such file or directory (os error 2)
2023-03-17T10:29:22.376129+08:00 - No such file or directory (os error 2)
2023-03-17T10:29:22.376187+08:00 - No such file or directory (os error 2)
2023-03-17T10:29:22.376258+08:00 - upload task 7042320983117664257 execute ok!
2023-03-17T10:38:06.345563+08:00 - execute upload task TaskUpLoad { task_id: "7042323180815519745", description: "download", target: OSSDescription { provider: Ali, access_key_id: "LTAI5tAepdxxAmtjXV98oNZj", secret_access_key: "93qg3cCpvfPSex5TLj05pIETMhNmSx", endpoint: "oss-cn-beijing.aliyuncs.com", region: "oss-cn-beijing", bucket: "ali-jsw-bucket" }, local_path: "/tmp/jddownload", bach_size: 100, task_threads: 1 } begin
2023-03-17T10:38:07.095584+08:00 - Not found CanonicalizedResource
2023-03-17T10:38:07.182270+08:00 - upload task 7042323180815519745 execute ok!
2023-03-17T10:43:02.301141+08:00 - execute upload task TaskUpLoad { task_id: "7042324422140760065", description: "download", target: OSSDescription { provider: Ali, access_key_id: "LTAI5tAepdxxAmtjXV98oNZj", secret_access_key: "93qg3cCpvfPSex5TLj05pIETMhNmSx", endpoint: "oss-cn-beijing.aliyuncs.com", region: "oss-cn-beijing", bucket: "ali-jsw-bucket" }, local_path: "/tmp/jddownload", bach_size: 100, task_threads: 1 } begin
2023-03-17T10:43:03.167612+08:00 - Not found CanonicalizedResource
2023-03-17T10:43:03.264391+08:00 - upload task 7042324422140760065 execute ok!
2023-03-17T10:45:38.755522+08:00 - execute upload task TaskUpLoad { task_id: "7042325078360592385", description: "download", target: OSSDescription { provider: Ali, access_key_id: "LTAI5tAepdxxAmtjXV98oNZj", secret_access_key: "93qg3cCpvfPSex5TLj05pIETMhNmSx", endpoint: "oss-cn-beijing.aliyuncs.com", region: "oss-cn-beijing", bucket: "ali-jsw-bucket" }, local_path: "/tmp/jddownload", bach_size: 100, task_threads: 1 } begin
2023-03-17T10:45:39.507062+08:00 - upload task 7042325078360592385 execute ok!
2023-03-17T10:46:42.640025+08:00 - execute upload task TaskUpLoad { task_id: "7042325346309509121", description: "download", target: OSSDescription { provider: Ali, access_key_id: "LTAI5tAepdxxAmtjXV98oNZj", secret_access_key: "93qg3cCpvfPSex5TLj05pIETMhNmSx", endpoint: "oss-cn-beijing.aliyuncs.com", region: "oss-cn-beijing", bucket: "ali-jsw-bucket" }, local_path: "/tmp/jddownload", bach_size: 100, task_threads: 1 } begin
2023-03-17T10:46:43.448243+08:00 - upload task 7042325346309509121 execute ok!
2023-03-17T11:15:06.216815+08:00 - execute upload task TaskUpLoad { task_id: "7042332491629334529", description: "download", target: OSSDescription { provider: Ali, access_key_id: "LTAI5tAepdxxAmtjXV98oNZj", secret_access_key: "93qg3cCpvfPSex5TLj05pIETMhNmSx", endpoint: "oss-cn-beijing.aliyuncs.com", region: "oss-cn-beijing", bucket: "ali-jsw-bucket" }, local_path: "/tmp/jddownload", bach_size: 100, task_threads: 1 } begin
2023-03-17T11:15:07.160940+08:00 - upload task 7042332491629334529 execute ok!
2023-03-17T11:16:20.802638+08:00 - execute upload task TaskUpLoad { task_id: "7042332804465692673", description: "download", target: OSSDescription { provider: Ali, access_key_id: "LTAI5tAepdxxAmtjXV98oNZj", secret_access_key: "93qg3cCpvfPSex5TLj05pIETMhNmSx", endpoint: "oss-cn-beijing.aliyuncs.com", region: "oss-cn-beijing", bucket: "ali-jsw-bucket" }, local_path: "/tmp/jddownload", bach_size: 100, task_threads: 1 } begin
2023-03-17T11:16:21.662596+08:00 - upload task 7042332804465692673 execute ok!
2023-03-17T11:19:38.177145+08:00 - execute upload task: TaskUpLoad { task_id: "7042333632312250369", description: "download", target: OSSDescription { provider: Ali, access_key_id: "LTAI5tAepdxxAmtjXV98oNZj", secret_access_key: "93qg3cCpvfPSex5TLj05pIETMhNmSx", endpoint: "oss-cn-beijing.aliyuncs.com", region: "oss-cn-beijing", bucket: "ali-jsw-bucket" }, local_path: "/tmp/jddownload", bach_size: 100, task_threads: 1 }
2023-03-17T11:19:39.048035+08:00 - upload task 7042333632312250369 execute ok!
2023-03-17T11:20:12.241353+08:00 - execute upload task: TaskUpLoad { task_id: "7042333775191216129", description: "download", target: OSSDescription { provider: Ali, access_key_id: "LTAI5tAepdxxAmtjXV98oNZj", secret_access_key: "93qg3cCpvfPSex5TLj05pIETMhNmSx", endpoint: "oss-cn-beijing.aliyuncs.com", region: "oss-cn-beijing", bucket: "ali-jsw-bucket" }, local_path: "/tmp/jddownload", bach_size: 100, task_threads: 1 }
2023-03-17T11:20:13.071501+08:00 - upload task 7042333775191216129 execute ok!
2023-03-17T11:26:43.168998+08:00 - execute upload task: TaskUpLoad { task_id: "7042335414857895937", description: "download", target: OSSDescription { provider: Ali, access_key_id: "LTAI5tAepdxxAmtjXV98oNZj", secret_access_key: "93qg3cCpvfPSex5TLj05pIETMhNmSx", endpoint: "oss-cn-beijing.aliyuncs.com", region: "oss-cn-beijing", bucket: "ali-jsw-bucket" }, local_path: "/tmp/jddownload", bach_size: 100, task_threads: 1 }
2023-03-17T11:26:43.956757+08:00 - upload task 7042335414857895937 execute ok!
2023-03-17T14:24:57.195547+08:00 - No such file or directory (os error 2)
2023-03-17T14:25:19.572827+08:00 - execute download task TaskDownload { task_id: "7042380362718253057", description: "download", source: OSSDescription { provider: JD, access_key_id: "4107B314B15BCE99A1C781DFCF119F59", secret_access_key: "8877CD432EB5738EFF0FA01F630201C9", endpoint: "http://s3.cn-north-1.jdcloud-oss.com", region: "cn-north-1", bucket: "jsw-bucket" }, local_path: "/tmp/jddownload", bach_size: 100, task_threads: 1 } begin
2023-03-17T14:25:19.981301+08:00 - lazy_load_credentials
2023-03-17T14:25:19.981358+08:00 - credentials cache miss occurred; retrieved new AWS credentials (took 98.321µs)
2023-03-17T14:25:25.273465+08:00 - service error
2023-03-17T14:25:25.273925+08:00 - download task 7042380362718253057 execute ok!
2023-03-17T14:25:46.841311+08:00 - execute download task TaskDownload { task_id: "7042380477088534529", description: "download", source: OSSDescription { provider: JD, access_key_id: "4107B314B15BCE99A1C781DFCF119F59", secret_access_key: "8877CD432EB5738EFF0FA01F630201C9", endpoint: "http://s3.cn-north-1.jdcloud-oss.com", region: "cn-north-1", bucket: "jsw-bucket" }, local_path: "/tmp/jddownload", bach_size: 100, task_threads: 1 } begin
2023-03-17T14:25:46.862716+08:00 - lazy_load_credentials
2023-03-17T14:25:46.862796+08:00 - credentials cache miss occurred; retrieved new AWS credentials (took 120.585µs)
2023-03-17T14:25:49.710165+08:00 - service error
2023-03-17T14:25:49.710879+08:00 - download task 7042380477088534529 execute ok!
2023-03-17T14:27:49.819680+08:00 - execute upload task: TaskUpLoad { task_id: "7042380992899846145", description: "download", target: OSSDescription { provider: JD, access_key_id: "4107B314B15BCE99A1C781DFCF119F59", secret_access_key: "8877CD432EB5738EFF0FA01F630201C9", endpoint: "http://s3.cn-north-1.jdcloud-oss.com", region: "cn-north-1", bucket: "jsw-bucket" }, local_path: "/tmp/jddownload", bach_size: 100, task_threads: 1 }
2023-03-17T14:27:49.841743+08:00 - lazy_load_credentials
2023-03-17T14:27:49.841818+08:00 - credentials cache miss occurred; retrieved new AWS credentials (took 114.343µs)
2023-03-17T14:27:53.026667+08:00 - upload task 7042380992899846145 execute ok!
2023-03-17T14:39:24.148597+08:00 - execute upload task: TaskUpLoad { task_id: "7042383905122553857", description: "download", target: OSSDescription { provider: JD, access_key_id: "4107B314B15BCE99A1C781DFCF119F59", secret_access_key: "8877CD432EB5738EFF0FA01F630201C9", endpoint: "http://s3.cn-north-1.jdcloud-oss.com", region: "cn-north-1", bucket: "jsw-bucket" }, local_path: "/tmp/jddownload", bach_size: 100, task_threads: 1 }
2023-03-17T14:39:24.508598+08:00 - lazy_load_credentials
2023-03-17T14:39:24.508656+08:00 - credentials cache miss occurred; retrieved new AWS credentials (took 92.073µs)
2023-03-17T14:39:29.249003+08:00 - upload task 7042383905122553857 execute ok!
2023-03-20T16:58:59.154243+08:00 - missing field `local_path`
2023-03-20T16:59:22.134408+08:00 - missing field `local_path`
2023-03-20T17:00:53.928278+08:00 - execute download task TaskTransfer { task_id: "7043506677433372673", description: "transfer task", source: OSSDescription { provider: Ali, access_key_id: "LTAI5tAepdxxAmtjXV98oNZj", secret_access_key: "93qg3cCpvfPSex5TLj05pIETMhNmSx", endpoint: "oss-cn-beijing.aliyuncs.com", region: "cn-north-1", bucket: "ali-jsw-bucket", prefix: None }, target: OSSDescription { provider: JD, access_key_id: "4107B314B15BCE99A1C781DFCF119F59", secret_access_key: "8877CD432EB5738EFF0FA01F630201C9", endpoint: "http://s3.cn-north-1.jdcloud-oss.com", region: "cn-north-1", bucket: "jsw-bucket", prefix: None }, bach_size: 100, task_threads: 1 } begin
2023-03-20T17:00:54.476256+08:00 - lazy_load_credentials
2023-03-20T17:00:54.476346+08:00 - credentials cache miss occurred; retrieved new AWS credentials (took 128.614µs)
2023-03-20T17:00:54.533140+08:00 - service error
2023-03-20T17:00:54.592821+08:00 - service error
2023-03-20T17:00:54.680367+08:00 - service error
2023-03-20T17:00:54.750558+08:00 - service error
2023-03-20T17:00:54.837571+08:00 - service error
2023-03-20T17:00:54.909573+08:00 - service error
2023-03-20T17:00:55.074385+08:00 - service error
2023-03-20T17:00:55.136333+08:00 - service error
2023-03-20T17:00:55.215757+08:00 - service error
2023-03-20T17:00:55.278614+08:00 - service error
2023-03-20T17:00:55.336362+08:00 - service error
2023-03-20T17:00:55.403291+08:00 - service error
2023-03-20T17:00:55.488315+08:00 - service error
2023-03-20T17:00:55.550321+08:00 - service error
2023-03-20T17:00:55.615485+08:00 - service error
2023-03-20T17:00:55.706500+08:00 - service error
2023-03-20T17:00:55.791916+08:00 - service error
2023-03-20T17:00:55.876431+08:00 - service error
2023-03-20T17:00:55.948555+08:00 - service error
2023-03-20T17:00:56.025754+08:00 - service error
2023-03-20T17:00:56.073431+08:00 - service error
2023-03-20T17:00:56.154076+08:00 - service error
2023-03-20T17:00:56.257508+08:00 - service error
2023-03-20T17:00:56.359742+08:00 - service error
2023-03-20T17:00:56.427002+08:00 - service error
2023-03-20T17:00:56.512214+08:00 - service error
2023-03-20T17:00:56.583380+08:00 - service error
2023-03-20T17:00:56.651109+08:00 - service error
2023-03-20T17:00:56.716392+08:00 - service error
2023-03-20T17:00:56.779291+08:00 - service error
2023-03-20T17:00:56.779810+08:00 - download task 7043506677433372673 execute ok!
2023-03-20T17:05:11.873895+08:00 - execute download task TaskTransfer { task_id: "7043507759337312257", description: "transfer task", source: OSSDescription { provider: Ali, access_key_id: "LTAI5tAepdxxAmtjXV98oNZj", secret_access_key: "93qg3cCpvfPSex5TLj05pIETMhNmSx", endpoint: "oss-cn-beijing.aliyuncs.com", region: "cn-north-1", bucket: "ali-jsw-bucket", prefix: None }, target: OSSDescription { provider: JD, access_key_id: "4107B314B15BCE99A1C781DFCF119F59", secret_access_key: "8877CD432EB5738EFF0FA01F630201C9", endpoint: "http://s3.cn-north-1.jdcloud-oss.com", region: "cn-north-1", bucket: "jsw-bucket", prefix: None }, bach_size: 100, task_threads: 1 } begin
2023-03-20T17:05:12.345529+08:00 - lazy_load_credentials
2023-03-20T17:05:12.345612+08:00 - credentials cache miss occurred; retrieved new AWS credentials (took 118.631µs)
2023-03-20T17:05:16.611191+08:00 - download task 7043507759337312257 execute ok!
2023-03-21T10:40:48.835161+08:00 - No such file or directory (os error 2)
2023-03-21T10:41:35.083860+08:00 - execute download task TaskDownload { task_id: "7043773607792742401", description: "download", source: OSSDescription { provider: JD, access_key_id: "4107B314B15BCE99A1C781DFCF119F59", secret_access_key: "8877CD432EB5738EFF0FA01F630201C9", endpoint: "http://s3.cn-north-1.jdcloud-oss.com", region: "cn-north-1", bucket: "jsw-bucket", prefix: None }, local_path: "/tmp/jddownload", bach_size: 100, task_threads: 1 } begin
2023-03-21T10:41:35.401268+08:00 - lazy_load_credentials
2023-03-21T10:41:35.401331+08:00 - credentials cache miss occurred; retrieved new AWS credentials (took 95.843µs)
2023-03-21T10:41:37.715241+08:00 - download task 7043773607792742401 execute ok!
2023-03-21T10:42:01.126037+08:00 - missing field `source` at line 3 column 1
2023-03-21T10:44:01.326541+08:00 - execute upload task: TaskUpLoad { task_id: "7043774221176147969", description: "download", target: OSSDescription { provider: JRSS, access_key_id: "ZL9RX5KAF5JHX892Z4ME", secret_access_key: "zkykAEiRGLiftYeSEZAVJ6VqHfAC8aPjUOUsxBHj", endpoint: "http://cn-sy-jrss4.jdfmgt.com", region: "cn-sy", bucket: "jsw-bucket", prefix: None }, local_path: "/tmp/jddownload", bach_size: 100, task_threads: 1 }
2023-03-21T10:44:01.630500+08:00 - lazy_load_credentials
2023-03-21T10:44:01.630565+08:00 - credentials cache miss occurred; retrieved new AWS credentials (took 96.685µs)
2023-03-21T10:44:01.650532+08:00 - dispatch failure
2023-03-21T10:44:01.653094+08:00 - dispatch failure
2023-03-21T10:44:01.655424+08:00 - dispatch failure
2023-03-21T10:44:01.657851+08:00 - dispatch failure
2023-03-21T10:44:01.660327+08:00 - dispatch failure
2023-03-21T10:44:01.662754+08:00 - dispatch failure
2023-03-21T10:44:01.665103+08:00 - dispatch failure
2023-03-21T10:44:01.667335+08:00 - dispatch failure
2023-03-21T10:44:01.669634+08:00 - dispatch failure
2023-03-21T10:44:01.672334+08:00 - dispatch failure
2023-03-21T10:44:01.674714+08:00 - dispatch failure
2023-03-21T10:44:01.677007+08:00 - dispatch failure
2023-03-21T10:44:01.679133+08:00 - dispatch failure
2023-03-21T10:44:01.681540+08:00 - dispatch failure
2023-03-21T10:44:01.683887+08:00 - dispatch failure
2023-03-21T10:44:01.686300+08:00 - dispatch failure
2023-03-21T10:44:01.688807+08:00 - dispatch failure
2023-03-21T10:44:01.691175+08:00 - dispatch failure
2023-03-21T10:44:01.693455+08:00 - dispatch failure
2023-03-21T10:44:01.695599+08:00 - dispatch failure
2023-03-21T10:44:01.697868+08:00 - dispatch failure
2023-03-21T10:44:01.700054+08:00 - dispatch failure
2023-03-21T10:44:01.702338+08:00 - dispatch failure
2023-03-21T10:44:01.704653+08:00 - dispatch failure
2023-03-21T10:44:01.707164+08:00 - dispatch failure
2023-03-21T10:44:01.709584+08:00 - dispatch failure
2023-03-21T10:44:01.711690+08:00 - dispatch failure
2023-03-21T10:44:01.713912+08:00 - dispatch failure
2023-03-21T10:44:01.716181+08:00 - dispatch failure
2023-03-21T10:44:01.718420+08:00 - dispatch failure
2023-03-21T10:44:01.718837+08:00 - upload task 7043774221176147969 execute ok!
2023-03-21T10:48:17.034372+08:00 - execute upload task: TaskUpLoad { task_id: "7043775293689040897", description: "download", target: OSSDescription { provider: JRSS, access_key_id: "ZL9RX5KAF5JHX892Z4ME", secret_access_key: "zkykAEiRGLiftYeSEZAVJ6VqHfAC8aPjUOUsxBHj", endpoint: "http://cn-sy-jrss4.jdfmgt.com", region: "cn-sy", bucket: "jsw-bucket", prefix: None }, local_path: "/tmp/jddownload", bach_size: 100, task_threads: 1 }
2023-03-21T10:48:17.336889+08:00 - lazy_load_credentials
2023-03-21T10:48:17.336958+08:00 - credentials cache miss occurred; retrieved new AWS credentials (took 104.162µs)
2023-03-21T10:48:17.354216+08:00 - dispatch failure
2023-03-21T10:48:17.357415+08:00 - dispatch failure
2023-03-21T10:48:17.360151+08:00 - dispatch failure
2023-03-21T10:48:17.362672+08:00 - dispatch failure
2023-03-21T10:48:17.365194+08:00 - dispatch failure
2023-03-21T10:48:17.367745+08:00 - dispatch failure
2023-03-21T10:48:17.370270+08:00 - dispatch failure
2023-03-21T10:48:17.372464+08:00 - dispatch failure
2023-03-21T10:48:17.374820+08:00 - dispatch failure
2023-03-21T10:48:17.377345+08:00 - dispatch failure
2023-03-21T10:48:17.379667+08:00 - dispatch failure
2023-03-21T10:48:17.381857+08:00 - dispatch failure
2023-03-21T10:48:17.384033+08:00 - dispatch failure
2023-03-21T10:48:17.386206+08:00 - dispatch failure
2023-03-21T10:48:17.388362+08:00 - dispatch failure
2023-03-21T10:48:17.390502+08:00 - dispatch failure
2023-03-21T10:48:17.392646+08:00 - dispatch failure
2023-03-21T10:48:17.394881+08:00 - dispatch failure
2023-03-21T10:48:17.397188+08:00 - dispatch failure
2023-03-21T10:48:17.399682+08:00 - dispatch failure
2023-03-21T10:48:17.402149+08:00 - dispatch failure
2023-03-21T10:48:17.404520+08:00 - dispatch failure
2023-03-21T10:48:17.406664+08:00 - dispatch failure
2023-03-21T10:48:17.408950+08:00 - dispatch failure
2023-03-21T10:48:17.411331+08:00 - dispatch failure
2023-03-21T10:48:17.413753+08:00 - dispatch failure
2023-03-21T10:48:17.416163+08:00 - dispatch failure
2023-03-21T10:48:17.418600+08:00 - dispatch failure
2023-03-21T10:48:17.421096+08:00 - dispatch failure
2023-03-21T10:48:17.423376+08:00 - dispatch failure
2023-03-21T10:48:17.423767+08:00 - upload task 7043775293689040897 execute ok!
2023-03-21T10:49:30.082228+08:00 - execute upload task: TaskUpLoad { task_id: "7043775600074559489", description: "download", target: OSSDescription { provider: JRSS, access_key_id: "ZL9RX5KAF5JHX892Z4ME", secret_access_key: "zkykAEiRGLiftYeSEZAVJ6VqHfAC8aPjUOUsxBHj", endpoint: "http://cn-sy-jrss4.jdfmgt.com", region: "cn-sy", bucket: "jsw-bucket", prefix: None }, local_path: "/tmp/jddownload", bach_size: 100, task_threads: 1 }
2023-03-21T10:49:30.384058+08:00 - lazy_load_credentials
2023-03-21T10:49:30.384152+08:00 - credentials cache miss occurred; retrieved new AWS credentials (took 101.094µs)
2023-03-21T10:49:30.387865+08:00 - dispatch failure
2023-03-21T10:49:30.390261+08:00 - dispatch failure
2023-03-21T10:49:30.392994+08:00 - dispatch failure
2023-03-21T10:49:30.395305+08:00 - dispatch failure
2023-03-21T10:49:30.397492+08:00 - dispatch failure
2023-03-21T10:49:30.399349+08:00 - dispatch failure
2023-03-21T10:49:30.401323+08:00 - dispatch failure
2023-03-21T10:49:30.403393+08:00 - dispatch failure
2023-03-21T10:49:30.405593+08:00 - dispatch failure
2023-03-21T10:49:30.407690+08:00 - dispatch failure
2023-03-21T10:49:30.409989+08:00 - dispatch failure
2023-03-21T10:49:30.412012+08:00 - dispatch failure
2023-03-21T10:49:30.414082+08:00 - dispatch failure
2023-03-21T10:49:30.415874+08:00 - dispatch failure
2023-03-21T10:49:30.417907+08:00 - dispatch failure
2023-03-21T10:49:30.419839+08:00 - dispatch failure
2023-03-21T10:49:30.421837+08:00 - dispatch failure
2023-03-21T10:49:30.424119+08:00 - dispatch failure
2023-03-21T10:49:30.426665+08:00 - dispatch failure
2023-03-21T10:49:30.429019+08:00 - dispatch failure
2023-03-21T10:49:30.431395+08:00 - dispatch failure
2023-03-21T10:49:30.433629+08:00 - dispatch failure
2023-03-21T10:49:30.436015+08:00 - dispatch failure
2023-03-21T10:49:30.438469+08:00 - dispatch failure
2023-03-21T10:49:30.440865+08:00 - dispatch failure
2023-03-21T10:49:30.443453+08:00 - dispatch failure
2023-03-21T10:49:30.445894+08:00 - dispatch failure
2023-03-21T10:49:30.448244+08:00 - dispatch failure
2023-03-21T10:49:30.450479+08:00 - dispatch failure
2023-03-21T10:49:30.453020+08:00 - dispatch failure
2023-03-21T10:49:30.453398+08:00 - upload task 7043775600074559489 execute ok!
2023-03-21T10:51:09.003421+08:00 - execute upload task: TaskUpLoad { task_id: "7043776014979305473", description: "download", target: OSSDescription { provider: JRSS, access_key_id: "ZL9RX5KAF5JHX892Z4ME", secret_access_key: "zkykAEiRGLiftYeSEZAVJ6VqHfAC8aPjUOUsxBHj", endpoint: "http://cn-sy-jrss4.jdfmgt.com", region: "cn-sy", bucket: "jsw-bucket", prefix: None }, local_path: "/tmp/jddownload", bach_size: 100, task_threads: 1 }
2023-03-21T10:51:09.305497+08:00 - lazy_load_credentials
2023-03-21T10:51:09.305648+08:00 - credentials cache miss occurred; retrieved new AWS credentials (took 182.808µs)
2023-03-21T10:51:09.385741+08:00 - dispatch failure
2023-03-21T10:51:09.388108+08:00 - dispatch failure
2023-03-21T10:51:09.390435+08:00 - dispatch failure
2023-03-21T10:51:09.392821+08:00 - dispatch failure
2023-03-21T10:51:09.395236+08:00 - dispatch failure
2023-03-21T10:51:09.397747+08:00 - dispatch failure
2023-03-21T10:51:09.400085+08:00 - dispatch failure
2023-03-21T10:51:09.402380+08:00 - dispatch failure
2023-03-21T10:51:09.404954+08:00 - dispatch failure
2023-03-21T10:51:09.407769+08:00 - dispatch failure
2023-03-21T10:51:09.410123+08:00 - dispatch failure
2023-03-21T10:51:09.412325+08:00 - dispatch failure
2023-03-21T10:51:09.414533+08:00 - dispatch failure
2023-03-21T10:51:09.416991+08:00 - dispatch failure
2023-03-21T10:51:09.419247+08:00 - dispatch failure
2023-03-21T10:51:09.422242+08:00 - dispatch failure
2023-03-21T10:51:09.425207+08:00 - dispatch failure
2023-03-21T10:51:09.427932+08:00 - dispatch failure
2023-03-21T10:51:09.430378+08:00 - dispatch failure
2023-03-21T10:51:09.432949+08:00 - dispatch failure
2023-03-21T10:51:09.435149+08:00 - dispatch failure
2023-03-21T10:51:09.437499+08:00 - dispatch failure
2023-03-21T10:51:09.439991+08:00 - dispatch failure
2023-03-21T10:51:09.442480+08:00 - dispatch failure
2023-03-21T10:51:09.444979+08:00 - dispatch failure
2023-03-21T10:51:09.447053+08:00 - dispatch failure
2023-03-21T10:51:09.449509+08:00 - dispatch failure
2023-03-21T10:51:09.451794+08:00 - dispatch failure
2023-03-21T10:51:09.454049+08:00 - dispatch failure
2023-03-21T10:51:09.456453+08:00 - dispatch failure
2023-03-21T10:51:09.456813+08:00 - upload task 7043776014979305473 execute ok!
2023-03-21T10:52:03.434984+08:00 - execute upload task: TaskUpLoad { task_id: "7043776243283660801", description: "download", target: OSSDescription { provider: JRSS, access_key_id: "ZL9RX5KAF5JHX892Z4ME", secret_access_key: "zkykAEiRGLiftYeSEZAVJ6VqHfAC8aPjUOUsxBHj", endpoint: "http://cn-sy-jrss4.jdfmgt.com", region: "cn-sy", bucket: "jsw-bucket", prefix: None }, local_path: "/tmp/jddownload", bach_size: 100, task_threads: 1 }
2023-03-21T10:52:03.736133+08:00 - lazy_load_credentials
2023-03-21T10:52:03.736282+08:00 - credentials cache miss occurred; retrieved new AWS credentials (took 186.096µs)
2023-03-21T10:52:03.739453+08:00 - dispatch failure
2023-03-21T10:52:03.743016+08:00 - dispatch failure
2023-03-21T10:52:03.746141+08:00 - dispatch failure
2023-03-21T10:52:03.748219+08:00 - dispatch failure
2023-03-21T10:52:03.750214+08:00 - dispatch failure
2023-03-21T10:52:03.751960+08:00 - dispatch failure
2023-03-21T10:52:03.753724+08:00 - dispatch failure
2023-03-21T10:52:03.755490+08:00 - dispatch failure
2023-03-21T10:52:03.757304+08:00 - dispatch failure
2023-03-21T10:52:03.759183+08:00 - dispatch failure
2023-03-21T10:52:03.760992+08:00 - dispatch failure
2023-03-21T10:52:03.762892+08:00 - dispatch failure
2023-03-21T10:52:03.765028+08:00 - dispatch failure
2023-03-21T10:52:03.766959+08:00 - dispatch failure
2023-03-21T10:52:03.769055+08:00 - dispatch failure
2023-03-21T10:52:03.771022+08:00 - dispatch failure
2023-03-21T10:52:03.773033+08:00 - dispatch failure
2023-03-21T10:52:03.774809+08:00 - dispatch failure
2023-03-21T10:52:03.776648+08:00 - dispatch failure
2023-03-21T10:52:03.778594+08:00 - dispatch failure
2023-03-21T10:52:03.780931+08:00 - dispatch failure
2023-03-21T10:52:03.782863+08:00 - dispatch failure
2023-03-21T10:52:03.785085+08:00 - dispatch failure
2023-03-21T10:52:03.788060+08:00 - dispatch failure
2023-03-21T10:52:03.790952+08:00 - dispatch failure
2023-03-21T10:52:03.793798+08:00 - dispatch failure
2023-03-21T10:52:03.796331+08:00 - dispatch failure
2023-03-21T10:52:03.798667+08:00 - dispatch failure
2023-03-21T10:52:03.800940+08:00 - dispatch failure
2023-03-21T10:52:03.803391+08:00 - dispatch failure
2023-03-21T10:52:03.803797+08:00 - upload task 7043776243283660801 execute ok!
2023-03-21T11:24:51.254248+08:00 - execute download task TaskDownload { task_id: "7043784496914763777", description: "download", source: OSSDescription { provider: JD, access_key_id: "ZL9RX5KAF5JHX892Z4ME", secret_access_key: "zkykAEiRGLiftYeSEZAVJ6VqHfAC8aPjUOUsxBHj", endpoint: "http://cn-sy-jrss4.jdfmgt.com", region: "cn-sy", bucket: "jsw-bucket", prefix: None }, local_path: "/tmp/jrssdownload", bach_size: 100, task_threads: 1 } begin
2023-03-21T11:24:51.545330+08:00 - lazy_load_credentials
2023-03-21T11:24:51.545417+08:00 - credentials cache miss occurred; retrieved new AWS credentials (took 94.799µs)
2023-03-21T11:24:51.559759+08:00 - dispatch failure
2023-03-21T11:24:51.560121+08:00 - No such file or directory (os error 2)
2023-03-21T13:20:44.380171+08:00 - execute download task TaskDownload { task_id: "7043813660438958081", description: "download", source: OSSDescription { provider: JD, access_key_id: "ZL9RX5KAF5JHX892Z4ME", secret_access_key: "zkykAEiRGLiftYeSEZAVJ6VqHfAC8aPjUOUsxBHj", endpoint: "http://cn-sy-jrss4.jdfmgt.com", region: "cn-sy", bucket: "jsw-bucket", prefix: None }, local_path: "/tmp/jrssdownload", bach_size: 100, task_threads: 1 } begin
2023-03-21T13:20:44.686482+08:00 - lazy_load_credentials
2023-03-21T13:20:44.686547+08:00 - credentials cache miss occurred; retrieved new AWS credentials (took 97.834µs)
2023-03-21T13:20:44.707306+08:00 - dispatch failure
2023-03-21T13:20:44.707693+08:00 - No such file or directory (os error 2)
2023-03-21T13:22:21.354602+08:00 - execute download task TaskDownload { task_id: "7043814067181588481", description: "download", source: OSSDescription { provider: JD, access_key_id: "ZL9RX5KAF5JHX892Z4ME", secret_access_key: "zkykAEiRGLiftYeSEZAVJ6VqHfAC8aPjUOUsxBHj", endpoint: "http://cn-sy-jrss4.jdfmgt.com", region: "cn-sy", bucket: "jsw-bucket", prefix: None }, local_path: "/tmp/jrssdownload", bach_size: 100, task_threads: 1 } begin
2023-03-21T13:22:21.378174+08:00 - lazy_load_credentials
2023-03-21T13:22:21.378250+08:00 - credentials cache miss occurred; retrieved new AWS credentials (took 114.703µs)
2023-03-21T13:22:21.391369+08:00 - dispatch failure
2023-03-21T13:22:21.391799+08:00 - No such file or directory (os error 2)
2023-03-21T13:22:43.019792+08:00 - execute download task TaskDownload { task_id: "7043814158055378945", description: "download", source: OSSDescription { provider: JRSS, access_key_id: "ZL9RX5KAF5JHX892Z4ME", secret_access_key: "zkykAEiRGLiftYeSEZAVJ6VqHfAC8aPjUOUsxBHj", endpoint: "http://cn-sy-jrss4.jdfmgt.com", region: "cn-sy", bucket: "jsw-bucket", prefix: None }, local_path: "/tmp/jrssdownload", bach_size: 100, task_threads: 1 } begin
2023-03-21T13:22:43.039160+08:00 - lazy_load_credentials
2023-03-21T13:22:43.039213+08:00 - credentials cache miss occurred; retrieved new AWS credentials (took 86.575µs)
2023-03-21T13:22:44.421157+08:00 - download task 7043814158055378945 execute ok!
2023-03-21T13:23:25.527722+08:00 - execute upload task: TaskUpLoad { task_id: "7043814336342659073", description: "download", target: OSSDescription { provider: JRSS, access_key_id: "ZL9RX5KAF5JHX892Z4ME", secret_access_key: "zkykAEiRGLiftYeSEZAVJ6VqHfAC8aPjUOUsxBHj", endpoint: "http://cn-sy-jrss4.jdfmgt.com", region: "cn-sy", bucket: "jsw-bucket", prefix: None }, local_path: "/tmp/jddownload", bach_size: 100, task_threads: 1 }
2023-03-21T13:23:25.551352+08:00 - lazy_load_credentials
2023-03-21T13:23:25.551437+08:00 - credentials cache miss occurred; retrieved new AWS credentials (took 127.137µs)
2023-03-21T13:23:27.338220+08:00 - upload task 7043814336342659073 execute ok!
2023-03-21T13:35:05.709965+08:00 - execute upload task: TaskUpLoad { task_id: "7043817273118822401", description: "download", target: OSSDescription { provider: JRSS, access_key_id: "ZL9RX5KAF5JHX892Z4ME", secret_access_key: "zkykAEiRGLiftYeSEZAVJ6VqHfAC8aPjUOUsxBHj", endpoint: "http://cn-sy-jrss4.jdfmgt.com", region: "cn-sy", bucket: "jsw-bucket", prefix: None }, local_path: "/tmp/jddownload", bach_size: 100, task_threads: 1 }
2023-03-21T13:35:06.000634+08:00 - lazy_load_credentials
2023-03-21T13:35:06.000697+08:00 - credentials cache miss occurred; retrieved new AWS credentials (took 93.162µs)
2023-03-21T13:35:08.079344+08:00 - upload task 7043817273118822401 execute ok!
2023-03-21T15:19:39.802906+08:00 - execute download task TaskTransfer { task_id: "7043843588576382977", description: "transfer task", source: OSSDescription { provider: JD, access_key_id: "4107B314B15BCE99A1C781DFCF119F59", secret_access_key: "8877CD432EB5738EFF0FA01F630201C9", endpoint: "http://s3.cn-north-1.jdcloud-oss.com", region: "cn-north-1", bucket: "jsw-bucket", prefix: None }, target: OSSDescription { provider: JRSS, access_key_id: "ZL9RX5KAF5JHX892Z4ME", secret_access_key: "zkykAEiRGLiftYeSEZAVJ6VqHfAC8aPjUOUsxBHj", endpoint: "http://cn-sy-jrss4.jdfmgt.com", region: "cn-sy", bucket: "jsw-bucket", prefix: None }, bach_size: 100, task_threads: 1 } begin
2023-03-21T15:19:39.862754+08:00 - lazy_load_credentials
2023-03-21T15:19:39.862819+08:00 - credentials cache miss occurred; retrieved new AWS credentials (took 100.918µs)
2023-03-21T15:19:40.153894+08:00 - lazy_load_credentials
2023-03-21T15:19:40.153990+08:00 - credentials cache miss occurred; retrieved new AWS credentials (took 137.899µs)
2023-03-21T15:19:44.205534+08:00 - download task 7043843588576382977 execute ok!
